<?xml version="1.0" encoding="UTF-8"?>
<testsuite xmlns:xsi="http://www.w3.org/2001/XMLSchema-instance" xsi:noNamespaceSchemaLocation="https://maven.apache.org/surefire/maven-surefire-plugin/xsd/surefire-test-report.xsd" name="edu.eci.arsw.entities.PlayerTest" time="0.006" tests="24" errors="0" skipped="0" failures="0">
  <properties>
[...]
</properties>
  <testcase name="testGetYPosition" classname="edu.eci.arsw.entities.PlayerTest" time="0.001"/>
  <testcase name="testIsImmortal" classname="edu.eci.arsw.entities.PlayerTest" time="0"/>
  <testcase name="testGetShields" classname="edu.eci.arsw.entities.PlayerTest" time="0"/>
  <testcase name="testGetCharacter" classname="edu.eci.arsw.entities.PlayerTest" time="0"/>
  <testcase name="testGetBombs" classname="edu.eci.arsw.entities.PlayerTest" time="0"/>
  <testcase name="testGetKills" classname="edu.eci.arsw.entities.PlayerTest" time="0"/>
  <testcase name="testGainShields" classname="edu.eci.arsw.entities.PlayerTest" time="0"/>
  <testcase name="testToString" classname="edu.eci.arsw.entities.PlayerTest" time="0"/>
  <testcase name="testFreeBox" classname="edu.eci.arsw.entities.PlayerTest" time="0"/>
  <testcase name="testGetExplosionRadius" classname="edu.eci.arsw.entities.PlayerTest" time="0"/>
  <testcase name="testSetYPosition" classname="edu.eci.arsw.entities.PlayerTest" time="0"/>
  <testcase name="testGetXPosition" classname="edu.eci.arsw.entities.PlayerTest" time="0"/>
  <testcase name="testSetCharacter" classname="edu.eci.arsw.entities.PlayerTest" time="0"/>
  <testcase name="testlayer1Movement" classname="edu.eci.arsw.entities.PlayerTest" time="0"/>
  <testcase name="testMoveDown" classname="edu.eci.arsw.entities.PlayerTest" time="0"/>
  <testcase name="testMoveLeft" classname="edu.eci.arsw.entities.PlayerTest" time="0"/>
  <testcase name="testSetImmortal" classname="edu.eci.arsw.entities.PlayerTest" time="0"/>
  <testcase name="testIncreaseExplosionRadius" classname="edu.eci.arsw.entities.PlayerTest" time="0"/>
  <testcase name="testIncreaseBombs" classname="edu.eci.arsw.entities.PlayerTest" time="0"/>
  <testcase name="testIncreaseKills" classname="edu.eci.arsw.entities.PlayerTest" time="0"/>
  <testcase name="testSetXPosition" classname="edu.eci.arsw.entities.PlayerTest" time="0"/>
  <testcase name="testMoveUp" classname="edu.eci.arsw.entities.PlayerTest" time="0"/>
  <testcase name="testIsAlive" classname="edu.eci.arsw.entities.PlayerTest" time="0"/>
  <testcase name="testMoveRight" classname="edu.eci.arsw.entities.PlayerTest" time="0"/>
</testsuite>